<?xml version="1.0" encoding="UTF-8"?>
<!-- Generated by org.testng.reporters.JUnitXMLReporter -->
<testsuite ignored="0" hostname="Kanade" failures="1" tests="1" name="Test" time="11.935" errors="0" timestamp="2023-05-19T07:31:46 IST">
  <testcase classname="Listenersss.GoogleScreenshot" name="screenshot" time="3.868">
    <failure type="java.lang.AssertionError" message="null">
      <![CDATA[java.lang.AssertionError: null
at Listenersss.GoogleScreenshot.screenshot(GoogleScreenshot.java:27)
at java.base/java.util.ArrayList.forEach(ArrayList.java:1511)
... Removed 27 stack frames]]>
    </failure>
  </testcase> <!-- screenshot -->
</testsuite> <!-- Test -->
